0 info it worked if it ends with ok
1 verbose cli [ '/Users/xenomuta/.nvm/v0.10.22/bin/node',
1 verbose cli   '/Users/xenomuta/.nvm/v0.10.22/bin/npm',
1 verbose cli   '-g',
1 verbose cli   'install',
1 verbose cli   'travislint' ]
2 info using npm@1.3.14
3 info using node@v0.10.22
4 verbose cache add [ 'travislint', null ]
5 verbose cache add name=undefined spec="travislint" args=["travislint",null]
6 verbose parsed url { protocol: null,
6 verbose parsed url   slashes: null,
6 verbose parsed url   auth: null,
6 verbose parsed url   host: null,
6 verbose parsed url   port: null,
6 verbose parsed url   hostname: null,
6 verbose parsed url   hash: null,
6 verbose parsed url   search: null,
6 verbose parsed url   query: null,
6 verbose parsed url   pathname: 'travislint',
6 verbose parsed url   path: 'travislint',
6 verbose parsed url   href: 'travislint' }
7 silly lockFile d7df5c1d-travislint travislint
8 verbose lock travislint /Users/xenomuta/.npm/d7df5c1d-travislint.lock
9 silly lockFile d7df5c1d-travislint travislint
10 silly lockFile d7df5c1d-travislint travislint
11 verbose addNamed [ 'travislint', '' ]
12 verbose addNamed [ null, '*' ]
13 silly lockFile 6f38c16c-travislint travislint@
14 verbose lock travislint@ /Users/xenomuta/.npm/6f38c16c-travislint.lock
15 silly addNameRange { name: 'travislint', range: '*', hasData: false }
16 verbose url raw travislint
17 verbose url resolving [ 'https://registry.npmjs.org/', './travislint' ]
18 verbose url resolved https://registry.npmjs.org/travislint
19 info trying registry request attempt 1 at 03:34:28
20 http GET https://registry.npmjs.org/travislint
21 http 404 https://registry.npmjs.org/travislint
22 silly registry.get cb [ 404,
22 silly registry.get   { server: 'CouchDB/1.3.1 (Erlang OTP/R15B03)',
22 silly registry.get     date: 'Wed, 04 Dec 2013 07:34:28 GMT',
22 silly registry.get     'content-type': 'application/json',
22 silly registry.get     'content-length': '52',
22 silly registry.get     'cache-control': 'must-revalidate' } ]
23 silly lockFile 6f38c16c-travislint travislint@
24 silly lockFile 6f38c16c-travislint travislint@
25 error 404 'travislint' is not in the npm registry.
25 error 404 You should bug the author to publish it
25 error 404
25 error 404 Note that you can also install from a
25 error 404 tarball, folder, or http url, or git url.
26 error System Darwin 11.4.2
27 error command "/Users/xenomuta/.nvm/v0.10.22/bin/node" "/Users/xenomuta/.nvm/v0.10.22/bin/npm" "-g" "install" "travislint"
28 error cwd /Users/xenomuta/Codigo/teclazo
29 error node -v v0.10.22
30 error npm -v 1.3.14
31 error code E404
32 verbose exit [ 1, true ]
